<?xml version="1.0" encoding="UTF-8"?>
<beans xmlns:batch="http://www.springframework.org/schema/batch"
       xmlns:xsi="http://www.w3.org/2001/XMLSchema-instance"
       xmlns="http://www.springframework.org/schema/beans"
       xmlns:jdbc="http://www.springframework.org/schema/jdbc"
       xsi:schemaLocation="http://www.springframework.org/schema/batch http://www.springframework.org/schema/batch/spring-batch.xsd
		http://www.springframework.org/schema/beans http://www.springframework.org/schema/beans/spring-beans.xsd
		http://www.springframework.org/schema/jdbc
        http://www.springframework.org/schema/jdbc/spring-jdbc.xsd">

    <!-- Example of different than read-process-run example - command line -->

    <!-- Step will need a transaction manager -->
    <bean id="transactionManager" class="org.springframework.jdbc.datasource.DataSourceTransactionManager" scope="step">
        <property name="dataSource" ref="dataSource"/>
    </bean>

    <bean id="dataSource"
          class="org.apache.commons.dbcp2.BasicDataSource" destroy-method="close">
        <property name="driverClassName"><value>org.h2.Driver</value></property>
        <property name="url"><value>jdbc:h2:./db/springBatchTestDb</value></property>
        <property name="username"><value>sa</value></property>
        <property name="password"><value></value></property>
        <property name="maxIdle"><value>1</value></property>
    </bean>

    <bean id="jobListener" class="org.spring.batch.infrastructure.listeners.JobListener">
    </bean>

    <!-- JobRepository and JobLauncher are configuration/setup classes -->
    <bean id="jobRepository" class="org.springframework.batch.core.repository.support.MapJobRepositoryFactoryBean"/>

    <bean id="jobLauncher" class="org.springframework.batch.core.launch.support.SimpleJobLauncher">
        <property name="jobRepository" ref="jobRepository"/>
    </bean>

    <batch:job id="transactionJob">
        <batch:step id="transactionStep">
            <batch:description>Step #1</batch:description>
            <batch:tasklet transaction-manager="transactionManager" task-executor="taskExecutor">
                <!-- Play with commit interval 1,2,500 . See different number of invocations ItemStream update invokations -->
                <batch:chunk commit-interval="500">
                    <batch:reader>
                        <ref bean="transactionReader" />
                    </batch:reader>
                    <batch:writer>
                        <bean class="org.spring.batch.infrastructure.writers.ListItemWriter">
                        </bean>
                    </batch:writer>

                    <batch:processor>
                        <bean id="compositeItemProcessor"
                              class="org.springframework.batch.item.support.CompositeItemProcessor">
                            <property name="delegates">
                                <list>
                                    <bean class="org.spring.batch.infrastructure.processors.LoggingIdentityProcessor" scope="step"/>
                                </list>
                            </property>
                        </bean>
                    </batch:processor>
                    <!-- uncomment to use one simple batch processor without composition -->
                    <!-- <batch:processor>
                        <bean class="org.spring.batch.infrastructure.processors.LoggingIdentityProcessor" scope="step">
                        </bean>
                    </batch:processor> -->
                    <batch:skip-policy>
                        <bean class="org.springframework.batch.core.step.skip.AlwaysSkipItemSkipPolicy" scope="step"/>
                    </batch:skip-policy>
                    <batch:retry-policy>
                        <bean class="org.springframework.retry.policy.NeverRetryPolicy" scope="step"/>
                    </batch:retry-policy>
                </batch:chunk>
            </batch:tasklet>
            <batch:next on="FAILED" to="transactionStep"/>
            <batch:next on="COMPLETED" to="terminalCommand"/>
            <batch:listeners>
                <batch:listener>
                    <bean class="org.spring.batch.infrastructure.listeners.StepListener">
                    </bean>
                </batch:listener>
                <batch:listener>
                    <bean class="org.spring.batch.infrastructure.listeners.JobListener">
                    </bean>
                </batch:listener>
            </batch:listeners>
        </batch:step>

        <batch:step id="terminalCommand">
            <batch:tasklet ref="commandTasklet" />
            <batch:end on="COMPLETED"/>
        </batch:step>

        <batch:listeners>
            <batch:listener>
                <bean class="org.spring.batch.infrastructure.listeners.JobListener">
                </bean>
            </batch:listener>
        </batch:listeners>

        <batch:validator>
            <bean class="org.spring.batch.infrastructure.validators.ParametersValidator"/>
        </batch:validator>
    </batch:job>


    <bean id="transactionReader" class="org.springframework.batch.item.database.JdbcCursorItemReader" scope="step">
        <property name="fetchSize" value="500"/>
        <property name="dataSource" ref="dataSource"/>
        <property name="sql" value="
            SELECT id,
                   name
            FROM transactions
        "/>
        <property name="rowMapper">
            <bean class="org.springframework.jdbc.core.BeanPropertyRowMapper">
                <property name="checkFullyPopulated" value="true"/>
                <property name="mappedClass" value="org.spring.batch.infrastructure.model.Transaction"/>
            </bean>
        </property>
    </bean>

    <!-- create job-meta tables automatically -->
    <jdbc:initialize-database data-source="dataSource" ignore-failures="DROPS">
        <jdbc:script location="../../../../../spring-batch-core-components/src/main/resources/org/spring/batch/db-scripts/schema-drop-db.sql" />
        <jdbc:script location="../../../../../spring-batch-core-components/src/main/resources/org/spring/batch/db-scripts/schema-create-db.sql" />
        <jdbc:script location="../../../../../spring-batch-core-components/src/main/resources/org/spring/batch/db-scripts/schema-populate-db.sql" />
    </jdbc:initialize-database>

    <bean id="taskExecutor" class="org.springframework.core.task.SyncTaskExecutor" />

    <bean class="org.springframework.batch.test.JobLauncherTestUtils"/>

    <bean id="commandTasklet" class="org.springframework.batch.core.step.tasklet.SystemCommandTasklet">
        <property name="command" value="java -version" />
        <!-- 5 second timeout for the command to complete -->
        <property name="timeout" value="5000" />
    </bean>

</beans>